0 info it worked if it ends with ok
1 verbose cli [ '/Users/lrlna/.nvm/versions/node/v6.10.2/bin/node',
1 verbose cli   '/Users/lrlna/.nvm/versions/node/v6.10.2/bin/npm',
1 verbose cli   'run',
1 verbose cli   'start' ]
2 info using npm@3.10.10
3 info using node@v6.10.2
4 verbose run-script [ 'prestart', 'start', 'poststart' ]
5 info lifecycle nodeconf-bcn-2017@1.0.0~prestart: nodeconf-bcn-2017@1.0.0
6 silly lifecycle nodeconf-bcn-2017@1.0.0~prestart: no script for prestart, continuing
7 info lifecycle nodeconf-bcn-2017@1.0.0~start: nodeconf-bcn-2017@1.0.0
8 verbose lifecycle nodeconf-bcn-2017@1.0.0~start: unsafe-perm in lifecycle true
9 verbose lifecycle nodeconf-bcn-2017@1.0.0~start: PATH: /Users/lrlna/.nvm/versions/node/v6.10.2/lib/node_modules/npm/bin/node-gyp-bin:/Users/lrlna/developer/shiny-talks/lnug-june-2017/node_modules/.bin:/Users/lrlna/.npm-packages/bin:/Users/lrlna/.nvm/versions/node/v6.10.2/bin:/Users/lrlna/developer/dotfiles/lilbins:/usr/local/bin:/usr/local/bin:/usr/local/bin:/usr/bin:/bin:/usr/sbin:/sbin
10 verbose lifecycle nodeconf-bcn-2017@1.0.0~start: CWD: /Users/lrlna/developer/shiny-talks/lnug-june-2017
11 silly lifecycle nodeconf-bcn-2017@1.0.0~start: Args: [ '-c', 'node examples/lolInCaseIForget.js' ]
12 silly lifecycle nodeconf-bcn-2017@1.0.0~start: Returned: code: 1  signal: null
13 info lifecycle nodeconf-bcn-2017@1.0.0~start: Failed to exec start script
14 verbose stack Error: nodeconf-bcn-2017@1.0.0 start: `node examples/lolInCaseIForget.js`
14 verbose stack Exit status 1
14 verbose stack     at EventEmitter.<anonymous> (/Users/lrlna/.nvm/versions/node/v6.10.2/lib/node_modules/npm/lib/utils/lifecycle.js:255:16)
14 verbose stack     at emitTwo (events.js:106:13)
14 verbose stack     at EventEmitter.emit (events.js:191:7)
14 verbose stack     at ChildProcess.<anonymous> (/Users/lrlna/.nvm/versions/node/v6.10.2/lib/node_modules/npm/lib/utils/spawn.js:40:14)
14 verbose stack     at emitTwo (events.js:106:13)
14 verbose stack     at ChildProcess.emit (events.js:191:7)
14 verbose stack     at maybeClose (internal/child_process.js:886:16)
14 verbose stack     at Process.ChildProcess._handle.onexit (internal/child_process.js:226:5)
15 verbose pkgid nodeconf-bcn-2017@1.0.0
16 verbose cwd /Users/lrlna/developer/shiny-talks/lnug-june-2017
17 error Darwin 15.6.0
18 error argv "/Users/lrlna/.nvm/versions/node/v6.10.2/bin/node" "/Users/lrlna/.nvm/versions/node/v6.10.2/bin/npm" "run" "start"
19 error node v6.10.2
20 error npm  v3.10.10
21 error code ELIFECYCLE
22 error nodeconf-bcn-2017@1.0.0 start: `node examples/lolInCaseIForget.js`
22 error Exit status 1
23 error Failed at the nodeconf-bcn-2017@1.0.0 start script 'node examples/lolInCaseIForget.js'.
23 error Make sure you have the latest version of node.js and npm installed.
23 error If you do, this is most likely a problem with the nodeconf-bcn-2017 package,
23 error not with npm itself.
23 error Tell the author that this fails on your system:
23 error     node examples/lolInCaseIForget.js
23 error You can get information on how to open an issue for this project with:
23 error     npm bugs nodeconf-bcn-2017
23 error Or if that isn't available, you can get their info via:
23 error     npm owner ls nodeconf-bcn-2017
23 error There is likely additional logging output above.
24 verbose exit [ 1, true ]
